已经是最新的。
add code to '../the-anatomy-of-the-perfect-technical-interview-from-a-former-amazon-vp.html'
add code to '../in-stream-big-data-processing.html'
add code to '../mysql.html'
add code to '../storm.html'
add code to '../hdfs-scalability-the-limits-to-growth.html'
add code to '../chubby.html'
add code to '../busting-4-modern-hardware-myths-are-memory-hdds-and-ssds-really-random-access.html'
add code to '../gperftools.html'
add code to '../questioning-the-lambda-architecture.html'
add code to '../thoughts-on-systems-for-large-datasets.html'
add code to '../systemtap.html'
add code to '../spark-rdd-paper.html'
add code to '../linux-kernel-development.html'
add code to '../do-you-think-you-have-gambling-problem.html'
add code to '../mapreduce-and-parellel-dbms-friends-or-foes.html'
add code to '../rocksdb.html'
add code to '../sklearn-api.html'
add code to '../swig.html'
add code to '../machine-learning-for-trading-class.html'
add code to '../druid-part-deux-three-principles-for-fast-dist-olap.html'
add code to '../the-little-schemer.html'
add code to '../some-spark-examples.html'
add code to '../leveldb.html'
add code to '../hdfs-reliability-with-namenode-and-avatarnode.html'
add code to '../distributed-system-reading.html'
add code to '../7-tips-for-improving-mapreduce-performance.html'
add code to '../10-lessons-learned-from-the-early-days-of-google.html'
add code to '../dremel.html'
add code to '../time-clocks-and-ordering-of-events-in-a-distributed-system.html'
add code to '../hadoop-benchmark.html'
add code to '../data-structures-and-algorithms-for-big-databases.html'
add code to '../dynamo.html'
add code to '../links.html'
add code to '../the-hard-thing-about-hard-things.html'
add code to '../systems-software-research-is-irrelevant.html'
add code to '../bringing-spark-closer-to-bare-metal.html'
add code to '../realtime-big-data-analytics-emerging-architecture.html'
add code to '../mongodb.html'
add code to '../what-does-big-data-mean.html'
add code to '../make-non-obvious-hires.html'
add code to '../mac.html'
add code to '../storage-system-reading.html'
add code to '../libev.html'
add code to '../ssd-and-distributed-data-systems.html'
add code to '../mapreduce-patterns-algos-and-use-cases.html'
add code to '../t11-on-architecture.html'
add code to '../git.html'
add code to '../why-google-stores-billions-of-lines-of-code-in-a-single-repository.html'
add code to '../percolator.html'
add code to '../netty.html'
add code to '../paste.html'
add code to '../scheme.html'
add code to '../building-data-science-teams.html'
add code to '../lzf.html'
add code to '../distributed-algorithms-in-nosql-databases.html'
add code to '../earlybird-realtime-search-at-twitter.html'
add code to '../dbms-impl.html'
add code to '../continuation.html'
add code to '../mean-people-fail.html'
add code to '../in-house-programmer.html'
add code to '../analysis-of-hdfs-under-hbase-a-facebook-messages-case-study.html'
add code to '../azkaban.html'
add code to '../paxos.html'
add code to '../achieving-rapid-response-times-in-large-online-services.html'
add code to '../computational-advertising.html'
add code to '../elastic-search.html'
add code to '../building-a-terabyte-scale-data-cycle-at-linkedin-with-hadoop-and-project-voldemort.html'
add code to '../google-cluster-computing-faculty-traning-workshop.html'
add code to '../haystack.html'
add code to '../spark-paper.html'
add code to '../application-resilience-in-a-service-oriented-architecture.html'
add code to '../numa.html'
add code to '../yarn-intro.html'
add code to '../guide-to-advanced-programming-in-c.html'
add code to '../system-programming-at-twitter.html'
add code to '../memcached.html'
add code to '../programmer-dilemma.html'
add code to '../caffe.html'
add code to '../optimizing-software-in-cpp.html'
add code to '../redis.html'
add code to '../linux-proc.html'
add code to '../spark-phd-paper.html'
add code to '../service-disoriented-architecture.html'
add code to '../oozie.html'
add code to '../akka-doc.html'
add code to '../hdfs.html'
add code to '../sklearn.html'
add code to '../license.html'
add code to '../nmstl.html'
add code to '../cpp.html'
add code to '../how-to-read-a-paper.html'
add code to '../aosa.html'
add code to '../mapreduce-a-flexible-data-processing-tool.html'
add code to '../samza.html'
add code to '../nolearn.html'
add code to '../perf.html'
add code to '../cassandra.html'
add code to '../blog.html'
add code to '../is-hadoop-out-of-date.html'
add code to '../cardinal-sin-of-software-engineering.html'
add code to '../ubuntu.html'
add code to '../an-interview-with-edw.html'
add code to '../coroutine.html'
add code to '../pig.html'
add code to '../hadoop-io-files.html'
add code to '../how-to-beat-the-cap-theorem.html'
add code to '../python.html'
add code to '../lock.html'
add code to '../ssd-gc-and-trim.html'
add code to '../a-conversation-with-werner-vogels.html'
add code to '../mesos.html'
add code to '../alibaba-hbase-practice.html'
add code to '../streambase.html'
add code to '../mmds.html'
add code to '../a-typical-data-processing-system.html'
add code to '../memory-barrier.html'
add code to '../parquet.html'
add code to '../ml-class.html'
add code to '../possible-hadoop-trajectories.html'
add code to '../voldemort.html'
add code to '../megastore.html'
add code to '../hadoop-overview.html'
add code to '../spark.html'
add code to '../on-designing-and-deploying-internet-scale-services.html'
add code to '../hbase-write-path.html'
add code to '../corona.html'
add code to '../thinking-clearly-about-performance.html'
add code to '../simd.html'
add code to '../manhattan.html'
add code to '../the-times-of-intelligence.html'
add code to '../gfs.html'
add code to '../ace.html'
add code to '../f1.html'
add code to '../kafka.html'
add code to '../tcmalloc.html'
add code to '../cover-letter.html'
add code to '../large-scale-deep-learning-for-intelligent-computer-systems.html'
add code to '../a-tour-inside-cloudflare-latest-generation-servers.html'
add code to '../tenzing.html'
add code to '../unp.html'
add code to '../reply-to-science-institution.html'
add code to '../gizzard.html'
add code to '../engineering-management.html'
add code to '../design-reading.html'
add code to '../ha-namenode-for-hdfs-with-hadoop1.html'
add code to '../dapper.html'
add code to '../ml-the-hard-way.html'
add code to '../linux.html'
add code to '../index.html'
add code to '../bob-dylan-bio-like-a-rolling-stone.html'
add code to '../snappy.html'
add code to '../lessons-learned-while-working-on-large-scale-server-softwarre.html'
add code to '../fun.html'
add code to '../t11-on-backpressure.html'
add code to '../the-seasoned-schemer.html'
add code to '../flumejava.html'
add code to '../probabilistic-data-structures-for-web-analytics-and-data-mining.html'
add code to '../ml-techniques.html'
add code to '../good-and-bad-reasons-to-become-an-entrepreneur.html'
add code to '../about-me.html'
add code to '../building-software-systems-at-google-and-lessons-learned.html'
add code to '../gcc-asm.html'
add code to '../linux-kernel-management-style.html'
add code to '../erlang-prog-lang-book.html'
add code to '../pnuts.html'
add code to '../ffmpeg.html'
add code to '../best-practices-for-selecting-apache-hadoop-hardware.html'
add code to '../financial-markets-class.html'
add code to '../general-algorithm.html'
add code to '../linux-system-and-performance-monitoring.html'
add code to '../go-lang-book.html'
add code to '../oprofile.html'
add code to '../suffering-oriented-programming.html'
add code to '../on-working-remotely.html'
add code to '../photon.html'
add code to '../pregel.html'
add code to '../the-hadoop-distributed-file-system.html'
add code to '../you-can-not-sacrifice-partition-tolerance.html'
add code to '../the-skinny-on-raid.html'
add code to '../backblaze-storage-pod.html'
add code to '../hadoop-at-a-crossroads.html'
add code to '../hpserver.html'
add code to '../muduo.html'
add code to '../galera.html'
add code to '../ssd.html'
add code to '../cpu.html'
add code to '../power-drill.html'
add code to '../gunicorn.html'
add code to '../what-it-takes-to-run-stack-overflow.html'
add code to '../erlang.html'
add code to '../concurrency-hazards.html'
add code to '../mapreduce-a-major-step-backwards-ii.html'
add code to '../case-study-gfs-evolution-on-fast-forward.html'
add code to '../the-secret-to-10-million-concurrent-connections.html'
add code to '../millwheel.html'
add code to '../mapred.html'
add code to '../spanner.html'
add code to '../jobs.html'
add code to '../apue.html'
add code to '../nosql-back-to-the-feature-or-yet-another-db-feature.html'
add code to '../druid-design-doc.html'
add code to '../yahoo-and-freebsd.html'
add code to '../graphite.html'
add code to '../cracking-the-coding-interview.html'
add code to '../mapreduce-versus-parellel-dbms.html'
add code to '../numa-an-overview.html'
add code to '../f1-talk.html'
add code to '../unveil-google-app-engine.html'
add code to '../what-are-the-best-kept-secrets-of-great-programmers.html'
add code to '../rcfile.html'
add code to '../gwp.html'
add code to '../finagle.html'
add code to '../raft.html'
add code to '../apache-hadoop-goes-realtime-at-facebook.html'
add code to '../presto.html'
add code to '../mapreduce-a-major-step-backwards.html'
add code to '../concurrency.html'
add code to '../maven.html'
add code to '../zookeeper.html'
add code to '../clojure.html'
add code to '../vagrant.html'
add code to '../vp-eng-vs-cto.html'
add code to '../competitive-strategy.html'
add code to '../the-anatomy-of-the-google-architecture.html'
add code to '../microservices-not-a-free-lunch.html'
add code to '../cloudera-impala-real-time-queries-in-apache-hadoop-for-real.html'
add code to '../what-does-it-take-to-make-google-work-at-scale.html'
add code to '../large-scale-data-and-computation-chanllenges-and-opportunities.html'
add code to '../computer-system-reading.html'
add code to '../go.html'
add code to '../the-log-what-every-software-engineer-should-know-about-real-time-datas-unifying-abstraction.html'
add code to '../hbase-definitive-guide.html'
add code to '../sysperf.html'
add code to '../lessons-learned-while-building-infrastructure-software-at-google.html'
add code to '../omega.html'
add code to '../a-comparison-of-approaches-to-large-scale-data-analysis.html'
add code to '../building-scalable-highly-concurrent-and-fault-tolerant-systems.html'
add code to '../notes-on-distributed-systems-for-young-bloods.html'
add code to '../tips-for-optimizing-c-cpp-code.html'
add code to '../ml-reading.html'
add code to '../using-hbase-with-iomemory.html'
add code to '../haproxy.html'
add code to '../galera-code.html'
add code to '../neuralnets.html'
add code to '../applied-philosophy-aka-hacking.html'
add code to '../lessons-learned-from-reading-postmortems.html'
add code to '../thoughts-on-prog-lang.html'
add code to '../generalists-and-specialists-thoughts-on-hiring.html'
add code to '../bigtable.html'
add code to '../mapreduce-a-minor-step-forward.html'
add code to '../hbase.html'
add code to '../memory.html'
add code to '../inside-nginx-how-we-designed-for-performance-scale.html'
add code to '../advice-for-ambitious-19-years-olds.html'
add code to '../mapreduce-online.html'
add code to '../hbase-configuration.html'
add code to '../lzma.html'
add code to '../beating-the-cap-theorem-checklist.html'
add code to '../how-to-receive-a-million-packets-per-second.html'
add code to '../oprofile-obsolete.html'
add code to '../ceph.html'
add code to '../the-cpp-prog-lang.html'
add code to '../impala.html'
add code to '../complexity-is-the-enemy.html'
add code to '../beauty-of-math.html'
add code to '../hbase-log-splitting.html'
add code to '../why-not-raid0-in-hdfs.html'
add code to '../solid-state-revolution-in-depth-on-how-ssd-really-work.html'
add code to '../zeromq.html'
add code to '../mesos-omega-borg-a-survey.html'
add code to '../scala.html'
add code to '../web-search-for-a-planet.html'
add code to '../jvm.html'
add code to '../coding-for-ssd.html'
add code to '../hadoop.html'
add code to '../dbms-intro.html'
add code to '../project-voldemort-scaling-simple-storage-at-linkedin.html'
add code to '../raid.html'
add code to '../linux-tools.html'
add code to '../bitcoin.html'
add code to '../pic.html'
add code to '../sphinx-search.html'
add code to '../hdfs-reliability.html'
add code to '../jni.html'
add code to '../building-a-production-machine-learning-infrastructure.html'
add code to '../nginx.html'
add code to '../mapreduce.html'
add code to '../ten-career-lessons.html'
add code to '../a-word-on-scalability.html'
add code to '../tail-at-scale.html'
add code to '../opentsdb.html'
add code to '../encoding.html'
add code to '../history-of-apache-storm-and-lessons-learned.html'
add code to '../effective-scala.html'
add code to '../your-server-as-a-function.html'
add code to '../borg.html'
add code to '../sicp.html'
add code to '../the-tyranny-of-the-clock.html'
add code to '../build-system.html'
add code to '../think-stats.html'
add code to '../intro-druid-real-time-analytics-at-a-billion-rows-per-second.html'
add code to '../sanitizer.html'
add code to '../deconstructing-recommender-systems.html'
add code to '../teach-yourself-programming-in-ten-years.html'
add code to '../the-dark-side-of-hadoop.html'
add code to '../kylin.html'
add code to '../scaling-lessons-learned-at-dropbox.html'
add code to '../orcfile.html'
add code to '../docker.html'
add code to '../writing-software-is-like-writing.html'
add code to '../developers-who-can-build-things-from-scratch.html'
add code to '../efficiently-exploiting-multiple-cores-with-python.html'
add code to '../design-pattern.html'
add code to '../how-long-does-it-take-to-make-context-switch.html'
add code to '../designs-lessons-and-advice-from-building-large-distributed-systems.html'
add code to '../java.html'
add code to '../ml-foundations.html'
add code to '../hadoop-definitive-guide.html'
add code to '../blogs/majority-of-silent-people.html'
add code to '../blogs/rework.html'
add code to '../blogs/work-efficiently-in-facebook.html'
add code to '../blogs/the-signal-and-the-noise.html'
add code to '../blogs/helsinki-travel.html'
add code to '../blogs/tips-for-work-life-balance.html'
add code to '../blogs/chasing-the-shiny-and-new.html'
add code to '../blogs/automate-to-save-mental-energy-not-time.html'
add code to '../blogs/github-maintenance.html'
add code to '../blogs/the-prestige.html'
add code to '../blogs/guilin-travel.html'
add code to '../blogs/how-yelp-runs-millions-of-tests-every-day.html'
add code to '../blogs/do-house-work-as-leisure.html'
add code to '../blogs/helsinki-travel2.html'
add code to '../blogs/dont-go-gentle-into-that-good-night.html'
add code to '../blogs/on-the-future-of-neural-networks.html'
add code to '../blogs/programmers-are-distraction-for-your-startup.html'
add code to '../blogs/introduction-to-computing-systems.html'
add code to '../blogs/my-without-wife-wedding.html'
add code to '../blogs/python-universal-feed-parser.html'
add code to '../blogs/principle-of-alloc-time-for-work.html'
add code to '../blogs/do-we-need-exercise.html'
add code to '../blogs/delivering-happiness.html'
add code to '../blogs/god-father.html'
add code to '../blogs/on-career-and-management.html'
add code to '../blogs/ostep-virt-vm1.html'
add code to '../blogs/bob-dylan-lyrics-collection.html'
add code to '../blogs/ostep-persist-disk.html'
add code to '../blogs/ostep-con-cv.html'
add code to '../blogs/why-i-stopped-paying-attention-to-industry-news.html'
add code to '../blogs/to-death.html'
add code to '../blogs/about-dna-sequencing.html'
add code to '../blogs/scent-of-a-woman.html'
add code to '../blogs/story-telling-and-obtain-experience.html'
add code to '../blogs/several-waters.html'
add code to '../blogs/civilizations-and-enlightenments.html'
add code to '../blogs/taking-php-seriously.html'
add code to '../blogs/why-cant-programmers-program.html'
add code to '../blogs/starters-and-maintainers.html'
add code to '../blogs/authority-and-merit.html'
add code to '../blogs/how-to-do-cross-validation.html'
add code to '../blogs/on-computational-investing.html'
add code to '../blogs/true-history-of-google-cn.html'
add code to '../blogs/interview-lizhi-tech-team.html'
add code to '../blogs/software-engineering-at-google.html'
add code to '../blogs/the-instant-economist.html'
add code to '../blogs/sth-about-chords.html'
add code to '../blogs/issue-of-retry-after-field.html'
add code to '../blogs/data-infra-at-airbnb.html'
add code to '../blogs/the-feynman-technique-the-best-way-to-learn-anything.html'
add code to '../blogs/platform-strategy.html'
add code to '../blogs/animal-farm.html'
add code to '../blogs/goodbye-dyy.html'
add code to '../blogs/you-should-be-with-ambitious-people.html'
add code to '../blogs/take-wedding-photo.html'
add code to '../blogs/eureka-on-career.html'
add code to '../blogs/run-wordpress-in-fast-way.html'
add code to '../blogs/a-possible-impl-of-abtest-sys.html'
add code to '../blogs/start-from-simple.html'
add code to '../blogs/star-wars.html'
add code to '../blogs/house.html'
add code to '../blogs/retrospect-2009.html'
add code to '../blogs/make-startup-usb-stick-under-mac.html'
add code to '../blogs/growth-hacker.html'
add code to '../blogs/life-is-just-a-moment.html'
add code to '../blogs/my-thoughts-on-startup.html'
add code to '../blogs/the-black-box-society.html'
add code to '../blogs/play-stock-in-vc-way.html'
add code to '../blogs/dont-know-what-to-program.html'
add code to '../blogs/purchase-mba.html'
add code to '../blogs/life-span-of-ssd.html'
add code to '../blogs/top-10-things-that-makes-you-a-good-programmer.html'
add code to '../blogs/spark-master-ui.html'
add code to '../blogs/struggle-with-ubuntu.html'
add code to '../blogs/on-top-of-tides.html'
add code to '../blogs/the-golden-circle.html'
add code to '../blogs/how-to-solve-it-a-new-apsect-of-math-method.html'
add code to '../blogs/how-gfw-discovers-hidden-circumvention-servers.html'
add code to '../blogs/flowers-to-algernon.html'
add code to '../blogs/scaling-to-billions-on-top-of-digital-ocean.html'
add code to '../blogs/the-men-who-built-america.html'
add code to '../blogs/so-good-they-can-not-ignore-you.html'
add code to '../blogs/zookeeper-gettting-started.html'
add code to '../blogs/level-up-lang-taste.html'
add code to '../blogs/getting-things-done-when-you-are-only-a-grunt.html'
add code to '../blogs/the-scientist.html'
add code to '../blogs/how-to-apply-domain.html'
add code to '../blogs/republic-and-democracy.html'
add code to '../blogs/yy-live-on-child-0.html'
add code to '../blogs/america-alone-talk.html'
add code to '../blogs/1984.html'
add code to '../blogs/inside-job.html'
add code to '../blogs/thinking-fast-and-slow.html'
add code to '../blogs/mobile-foreign-business.html'
add code to '../blogs/pieces-of-advice-from-yq.html'
add code to '../blogs/the-shortest-history-of-europe.html'
add code to '../blogs/how-to-choose-baseline-0.html'
add code to '../blogs/some-non-casual-thoughts.html'
add code to '../blogs/2012-birthday.html'
add code to '../blogs/sfo-travel.html'
add code to '../blogs/mac-root-certification.html'
add code to '../blogs/jianshu-captcha.html'
add code to '../blogs/the-hitchhikers-guide-to-the-galaxy.html'
add code to '../blogs/anaconda-high-perf-solution.html'
add code to '../blogs/kaggle-1-digit-recongnizer.html'
add code to '../blogs/xmn-travel.html'
add code to '../blogs/remote.html'
add code to '../blogs/vinod-khosla-talk.html'
add code to '../blogs/jonathon-ive.html'
add code to '../blogs/scaling-your-api-with-rate-limiters.html'
add code to '../blogs/republic.html'
add code to '../blogs/the-cathedral-and-the-bazaar.html'
add code to '../blogs/coursera-maintenance.html'
add code to '../blogs/code-for-run.html'
add code to '../blogs/have-a-rest-strategically.html'
add code to '../blogs/reversed-bollinger-band.html'
add code to '../blogs/dont-call-yourself-a-programmer.html'
add code to '../blogs/44-eng-mag-lessons.html'
add code to '../blogs/build-hls-server.html'
add code to '../blogs/apply-visa-for-usa.html'
add code to '../blogs/code-quality-the-open-source-perspective.html'
add code to '../blogs/running-tutorial.html'
add code to '../blogs/you-cant-read-all-books.html'
add code to '../blogs/black-swan.html'
add code to '../blogs/virtual-machine-design-and-implementation-in-c-cpp.html'
add code to '../blogs/getting-real.html'
add code to '../blogs/lincoln.html'
add code to '../blogs/retrospect-2010.html'
add code to '../blogs/nginx-forwarding-proxy.html'
add code to '../blogs/pypy-impl.html'
add code to '../blogs/kaggle-0-bike-sharing-demand.html'
add code to '../blogs/surviving-meetings-while-remote.html'
add code to '../blogs/ymy-travel.html'
add code to '../blogs/visit-tj-data-center.html'
add code to '../blogs/made-in-america.html'
add code to '../blogs/why-i-work-remotely-hint-it-has-nothing-to-do-with-productivity.html'
add code to '../blogs/think-like-an-artist.html'
add code to '../blogs/why-cn-people-anxious.html'
add code to '../blogs/how-env-impacts-on-person.html'
add code to '../blogs/on-python-profiling.html'
add code to '../blogs/a-love-for-legacy.html'
add code to '../blogs/a-little-architecture.html'
add code to '../blogs/refactoring-improving-the-design-of-existing-code.html'
add code to '../blogs/equipped-with-ssd.html'
add code to '../blogs/house-clean-0.html'
add code to '../blogs/get-marriage-identity.html'
add code to '../blogs/colleague-creates-spaghetti-code.html'
add code to '../blogs/what-can-i-do-when-old.html'
add code to '../blogs/new-era-carmack.html'
add code to '../blogs/why-did-so-many-startups-choose-nosql.html'
add code to '../blogs/how-to-pick-your-battles-on-a-software-team.html'
add code to '../blogs/hard-to-believe.html'
add code to '../blogs/availability-vs-durability.html'
add code to '../blogs/kaggle-2-facial-keypoints-detection.html'
add code to '../blogs/dreaming-in-code.html'
add code to '../blogs/trap-of-startup-side-project.html'
add code to '../blogs/purchase-on-rapidssl.html'
add code to '../blogs/anti-destruction-in-china.html'
add code to '../blogs/the-times-they-are-changing.html'
add code to '../blogs/staying-healthy-while-working-remotely.html'
add code to '../blogs/hackers-and-painters.html'
add code to '../blogs/mac-talk.html'
add code to '../blogs/some-advice-from-jeff-bezos.html'
add code to '../blogs/the-evolution-of-code-deploys-at-reddit.html'
add code to '../blogs/stackoverflow-maintenance.html'
add code to '../blogs/the-paypal-wars.html'
add code to '../blogs/baked-in-creating-products-and-business-that-market-themselves.html'
add code to '../blogs/the-pragmatic-programmer.html'
add code to '../blogs/talk-with-luoyan.html'
add code to '../blogs/a-possible-impl-of-reco-sys.html'
add code to '../blogs/look-for-house-with-xcq.html'
add code to '../blogs/graduate-final-report.html'
add code to '../blogs/competitors-are-not-the-enemy.html'
add code to '../blogs/how-google-works.html'
add code to '../blogs/the-bed-of-procrustes.html'
add code to '../blogs/professional-amateur.html'
add code to '../blogs/what-you-can-do-and-what-you-should-do.html'
add code to '../blogs/car.html'
add code to '../blogs/retrospect-2011.html'
add code to '../blogs/how-to-define-software-stability.html'
add code to '../blogs/retrospect-2014.html'
add code to '../blogs/drive-learning.html'
add code to '../blogs/convict-conditioning.html'
add code to '../blogs/ten-rules-for-open-source-success.html'
add code to '../blogs/boots-of-spanish-leather.html'
add code to '../blogs/cola-and-water.html'
add code to '../blogs/atlassian-user-onboarding-magic.html'
add code to '../blogs/looking-for-house-with-xcq.html'
add code to '../blogs/moneyball.html'
add code to '../blogs/on-facebook-newsfeed.html'
add code to '../blogs/house-clean-1.html'
add code to '../blogs/calm-down-for-a-second.html'
add code to '../blogs/ios-device-and-screenshot-size.html'
add code to '../blogs/first-foot-massage.html'
add code to '../blogs/the-economist.html'
add code to '../blogs/peter-thiel-on-competition.html'
add code to '../blogs/meeting-dyq.html'
add code to '../blogs/you-know-so-little.html'
add code to '../blogs/squid-https-forwarding-proxy.html'
add code to '../blogs/retrospect-2012.html'
add code to '../blogs/dont-base-your-business-on-a-paid-app.html'
add code to '../blogs/zhihu-hft-engineer.html'
add code to '../blogs/making-money-along-the-way.html'
add code to '../blogs/laws-of-performant-software.html'
add code to '../blogs/money-doggy.html'
add code to '../blogs/remove-the-stress-pick-a-deadline.html'
add code to '../blogs/structured-computer-organization.html'
add code to '../blogs/what-would-it-take-to-prove-me-wrong.html'
add code to '../blogs/lessons-learned-writing-highly-available-code.html'
add code to '../blogs/beginning-of-a-hard-journey.html'
add code to '../blogs/portrayal.html'
add code to '../blogs/the-future-of-programming.html'
add code to '../blogs/wujun-thoughts-on-career.html'
add code to '../blogs/youtube-steve-chen-bio.html'
add code to '../blogs/what-a-good-ceo-looks-like.html'
add code to '../blogs/why-mit-stopped-teaching-SICP.html'
add code to '../blogs/how-to-stop-worring-and-start-living.html'
add code to '../blogs/face-landmark-detection-dlib.html'
add code to '../blogs/why-cd-just-keeps-on-giving.html'
add code to '../blogs/the-secret-to-career-success.html'
add code to '../blogs/ostep-virt-vm0.html'
add code to '../blogs/central-limit-theorem.html'
add code to '../blogs/stairway-to-heaven.html'
add code to '../blogs/dark-time.html'
add code to '../blogs/lean-in.html'
add code to '../blogs/be-careful-when-you-drive.html'
add code to '../blogs/principle-of-smart-route-in-vpn.html'
add code to '../blogs/build-nginx-from-source-on-ubuntu.html'
add code to '../blogs/three-body.html'
add code to '../blogs/talk-with-lizhi-tech-team.html'
add code to '../blogs/got6-is-coming.html'
add code to '../blogs/heart-broken.html'
add code to '../blogs/ssh-permission-denied.html'
add code to '../blogs/chengdu-travel.html'
add code to '../blogs/mxnet-neural-art.html'
add code to '../blogs/a-person-of-fidget.html'
add code to '../blogs/big-data.html'
add code to '../blogs/ostep-virt-cpu.html'
add code to '../blogs/how-to-get-a-job-like-mine-aaron-swartz.html'
add code to '../blogs/sears-the-baby-book.html'
add code to '../blogs/use-emacs-org-mode-to-build-site.html'
add code to '../blogs/ms-interview.html'
add code to '../blogs/zhihu-daily-economy.html'
add code to '../blogs/learn-stop-using-shiny-new-things-and-love-mysql.html'
add code to '../blogs/finding-great-developers.html'
add code to '../blogs/ostep-readings.html'
add code to '../blogs/a-few-days-at-village.html'
add code to '../blogs/automation-on-finacial-report.html'
add code to '../blogs/thousands-pv.html'
add code to '../blogs/getting-real-about-distributed-system-reliability.html'
add code to '../blogs/the-effective-engineer-by-edmond-lau.html'
add code to '../blogs/how-to-launch-a-mac-app-and-become-1-top-paid-app-globally.html'
add code to '../blogs/big-data-is-supposed-to-be.html'
add code to '../blogs/reading-list-for-college.html'
add code to '../blogs/u-of-t-professor-geoffrey-hiton.html'
add code to '../blogs/think-and-grow-rich.html'
add code to '../blogs/what-makes-a-great-software-engineer.html'
add code to '../blogs/zj-travel.html'
add code to '../blogs/tour-of-google-beijing.html'
add code to '../blogs/cool-retro-term.html'
add code to '../blogs/people-all-know.html'
add code to '../blogs/purchase-diamond.html'
add code to '../blogs/dont-switch-to-yinxiang-note.html'
add code to '../blogs/steve-jobs.html'
add code to '../blogs/wolf-totem.html'
add code to '../blogs/idiom.html'
add code to '../blogs/ios-app-dev-tips-0.html'
add code to '../blogs/why-buddhism-true-4.html'
add code to '../blogs/have-a-baby.html'
add code to '../blogs/reminiscences-of-stock-broker.html'
add code to '../blogs/ostep-con-lock.html'
add code to '../blogs/venture-captial.html'
add code to '../blogs/discussion-on-rs.html'
add code to '../blogs/poor-charlie-almanack.html'
add code to '../blogs/use-wifi-aps-to-identify-location.html'
add code to '../blogs/my-iphone5s.html'
add code to '../blogs/virgin-moxa-wool-moxibustion.html'
add code to '../blogs/tensorflow-neural-art.html'
add code to '../blogs/what-happens-to-older-developers.html'
add code to '../blogs/on-stories-in-neural-networks.html'
add code to '../blogs/distributed-operating-systems.html'
add code to '../blogs/nine-algos-that-changed-the-future.html'
add code to '../blogs/purchase-compaq-notebook.html'
add code to '../blogs/pulp-fiction.html'
add code to '../blogs/retrospect-2013.html'
add code to '../blogs/nginx-site-redirect.html'
add code to '../blogs/spam-from-apple.html'
add code to '../blogs/not-easy-as-you-think.html'
add code to '../blogs/cross-ocean.html'
add code to '../blogs/baidu-bit-shanghai-route.html'
add code to '../blogs/before-you-code-write.html'
add code to '../blogs/shoe-dog.html'
add code to '../blogs/ssh-tunneling-python.html'
add code to '../blogs/a-note-of-nobel-winner.html'
add code to '../blogs/macosx-rootless-mode.html'
add code to '../blogs/pregnancy.html'
add code to '../blogs/the-mythical-man-month.html'
add code to '../blogs/hive-gettting-started.html'
add code to '../blogs/stock-price-data-sanity.html'
add code to '../blogs/modern-operating-systems.html'
add code to '../blogs/unecessary-hurry-up.html'
add code to '../blogs/a-impl-of-my-dict-book.html'
add code to '../blogs/a-serious-and-absurd-book-about-behavioural-psychology.html'
add code to '../blogs/ms-presentation.html'
add code to '../blogs/python-gzip-input-stream-impl.html'
add code to '../blogs/seediq-bale.html'
add code to '../blogs/silicon-valley-etiquette.html'
add code to '../blogs/real-life-of-startup-with-baby.html'
add code to '../blogs/mongodb34-perf-issue-checkpoint.html'
add code to '../blogs/baby-sleep-training.html'
add code to '../blogs/ascii.html'
add code to '../blogs/life-is-not-easy-but-magical.html'
add code to '../blogs/10-lessons-from-10-years-of-aws.html'
add code to '../blogs/a-chronicle-of-tencent.html'
add code to '../blogs/antifragile.html'
add code to '../blogs/experience-of-running-coffee-shop-for-40-years.html'
add code to '../blogs/my-amoi-n821.html'
add code to '../blogs/from-zero-to-one.html'
add code to '../blogs/writing-clean-code.html'
add code to '../blogs/first-swimming.html'
add code to '../blogs/dear-andreas.html'
add code to '../blogs/abandoned-probabilistic-option.html'
add code to '../blogs/the-hurt-locker.html'
add code to '../blogs/the-economic-naturalist.html'
add code to '../blogs/a-great-developer-can-come-from-anywhere.html'
add code to '../blogs/how-to-win-friends-and-influence-people.html'
add code to '../blogs/how-did-you-learn-so-much-stuff.html'
add code to '../blogs/talk-with-nenad.html'
add code to '../blogs/pf-thoughts-on-cn.html'
add code to '../blogs/how-to-choose-baseline-1.html'
add code to '../blogs/a-decade-at-google.html'
add code to '../blogs/pragmatic-thinking-and-learning.html'
add code to '../blogs/telstra-billboard-of-love.html'
add code to '../blogs/the-little-prince.html'
add code to '../blogs/becoming-cto.html'
add code to '../blogs/climbing-the-wrong-hill.html'
add code to '../blogs/jeju-travel.html'
add code to '../blogs/the-facebook-effect.html'
add code to '../blogs/cmb-hk-account.html'
add code to '../blogs/the-great-game.html'
add code to '../blogs/switch-back-to-windows.html'
add code to '../blogs/wu-qing-yuan-bio.html'
add code to '../blogs/ostep-persist-file.html'
add code to '../blogs/the-art-of-unix-programming.html'
add code to '../blogs/have-a-nice-sleep-and-straighten-up.html'
add code to '../blogs/the-catcher-in-the-rye.html'
add code to '../blogs/confessions-of-an-advertising-man.html'
add code to '../blogs/first-10km-running.html'
add code to '../blogs/religulous.html'
add code to '../blogs/ostep-virt-vax-vms.html'
add code to '../blogs/that-man-looks-like-a-dog.html'
add code to '../blogs/boost-shadowsocks-with-tcp-bbr.html'
add code to '../blogs/making-photos-smaller.html'
add code to '../blogs/2pc-vs-paxos.html'
add code to '../blogs/industrial-disk-price.html'
add code to '../blogs/notes-on-side-project.html'
add code to '../blogs/employee-equity.html'
add code to '../blogs/aws-ec2-instances.html'
add code to '../blogs/narrow-python-build.html'
add code to '../blogs/search-at-slack.html'
add code to '../blogs/reducing-image-file-size-at-esty.html'
add code to '../blogs/how-to-buildy=-your-personal-brand-as-a-new-developer.html'
add code to '../blogs/proxy-on-http-streaming.html'
add code to '../blogs/my-first-english-conversation.html'
add code to '../blogs/apply-visa-for-finland.html'
add code to '../blogs/is-there-a-simple-algorithm-for-intelligence.html'
